{
  "stats": {
    "suites": 1,
    "tests": 1,
    "passes": 1,
    "pending": 0,
    "failures": 0,
    "start": "2022-05-27T09:38:45.801Z",
    "end": "2022-05-27T09:38:48.101Z",
    "duration": 2300,
    "testsRegistered": 1,
    "passPercent": 100,
    "pendingPercent": 0,
    "other": 0,
    "hasOther": false,
    "skipped": 0,
    "hasSkipped": false
  },
  "results": [
    {
      "uuid": "fc4888e6-7f52-4fe2-8f24-776dc14a883b",
      "title": "",
      "fullFile": "C:\\Work_Nook\\ToAutomate\\Main\\Main.js",
      "file": "\\Main\\Main.js",
      "beforeHooks": [],
      "afterHooks": [],
      "tests": [],
      "suites": [
        {
          "uuid": "588350ea-59f3-49a8-8159-26f757fee68d",
          "title": "add todo test",
          "fullFile": "C:\\Work_Nook\\ToAutomate\\Main\\Main.js",
          "file": "\\Main\\Main.js",
          "beforeHooks": [],
          "afterHooks": [],
          "tests": [
            {
              "title": "Successfully adds a todo o application",
              "fullTitle": "add todo test Successfully adds a todo o application",
              "timedOut": null,
              "duration": 1940,
              "state": "passed",
              "speed": "slow",
              "pass": true,
              "fail": false,
              "pending": false,
              "context": null,
              "code": "//open browser\n        let driver = await new Builder().forBrowser(\"chrome\").build();\n        //navigate to our browser\n        await driver.get(\"https://lambdatest.github.io/sample-todo-app/\")\n        //add a todo\n        await driver.findElement(By.id(\"sampletodotext\")).sendKeys(\"Learn Selenium\", Key.RETURN);\n        //assert\n        let todoText = await driver.findElement(By.xpath(\"//li[last()]\")).getText().then(function (value) {\n            return value\n        })\n        //assert using chai should\n        todoText.should.equal(\"Learn Selenium\");\n        //close browser\n        await driver.quit();",
              "err": {},
              "uuid": "a81e9a44-0eae-4b1a-80e0-afb1944d638a",
              "parentUUID": null,
              "isHook": false,
              "skipped": false
            }
          ],
          "suites": [],
          "passes": [
            "a81e9a44-0eae-4b1a-80e0-afb1944d638a"
          ],
          "failures": [],
          "pending": [],
          "skipped": [],
          "duration": 1940,
          "root": false,
          "rootEmpty": false,
          "_timeout": null
        }
      ],
      "passes": [],
      "failures": [],
      "pending": [],
      "skipped": [],
      "duration": 0,
      "root": true,
      "rootEmpty": true,
      "_timeout": 0
    }
  ],
  "meta": {
    "mocha": {
      "version": "10.0.0"
    },
    "mochawesome": {
      "options": {
        "quiet": false,
        "reportFilename": "mochawesome",
        "saveHtml": true,
        "saveJson": true,
        "consoleReporter": "spec",
        "useInlineDiffs": false,
        "code": true
      },
      "version": "7.1.3"
    },
    "marge": {
      "options": null,
      "version": "6.2.0"
    }
  }
}